Determining if the pthread_create exist failed with the following output:
Change Dir: /home/maiti/urdf_tutorial/build/CMakeFiles/CMakeTmp

Run Build Command:/usr/bin/make "cmTryCompileExec747817714/fast"
/usr/bin/make -f CMakeFiles/cmTryCompileExec747817714.dir/build.make CMakeFiles/cmTryCompileExec747817714.dir/build
make[1]: Entering directory `/home/maiti/urdf_tutorial/build/CMakeFiles/CMakeTmp'
/usr/bin/cmake -E cmake_progress_report /home/maiti/urdf_tutorial/build/CMakeFiles/CMakeTmp/CMakeFiles 1
Building C object CMakeFiles/cmTryCompileExec747817714.dir/CheckSymbolExists.c.o
/usr/bin/cc    -o CMakeFiles/cmTryCompileExec747817714.dir/CheckSymbolExists.c.o   -c /home/maiti/urdf_tutorial/build/CMakeFiles/CMakeTmp/CheckSymbolExists.c
Linking C executable cmTryCompileExec747817714
/usr/bin/cmake -E cmake_link_script CMakeFiles/cmTryCompileExec747817714.dir/link.txt --verbose=1
/usr/bin/cc       CMakeFiles/cmTryCompileExec747817714.dir/CheckSymbolExists.c.o  -o cmTryCompileExec747817714 -rdynamic 
CMakeFiles/cmTryCompileExec747817714.dir/CheckSymbolExists.c.o: In function `main':
CheckSymbolExists.c:(.text+0x16): undefined reference to `pthread_create'
collect2: error: ld returned 1 exit status
make[1]: *** [cmTryCompileExec747817714] Error 1
make[1]: Leaving directory `/home/maiti/urdf_tutorial/build/CMakeFiles/CMakeTmp'
make: *** [cmTryCompileExec747817714/fast] Error 2

File /home/maiti/urdf_tutorial/build/CMakeFiles/CMakeTmp/CheckSymbolExists.c:
/* */
#include <pthread.h>

int main(int argc, char** argv)
{
  (void)argv;
#ifndef pthread_create
  return ((int*)(&pthread_create))[argc];
#else
  (void)argc;
  return 0;
#endif
}

Determining if the function pthread_create exists in the pthreads failed with the following output:
Change Dir: /home/maiti/urdf_tutorial/build/CMakeFiles/CMakeTmp

Run Build Command:/usr/bin/make "cmTryCompileExec1259318765/fast"
/usr/bin/make -f CMakeFiles/cmTryCompileExec1259318765.dir/build.make CMakeFiles/cmTryCompileExec1259318765.dir/build
make[1]: Entering directory `/home/maiti/urdf_tutorial/build/CMakeFiles/CMakeTmp'
/usr/bin/cmake -E cmake_progress_report /home/maiti/urdf_tutorial/build/CMakeFiles/CMakeTmp/CMakeFiles 1
Building C object CMakeFiles/cmTryCompileExec1259318765.dir/CheckFunctionExists.c.o
/usr/bin/cc   -DCHECK_FUNCTION_EXISTS=pthread_create   -o CMakeFiles/cmTryCompileExec1259318765.dir/CheckFunctionExists.c.o   -c /usr/share/cmake-2.8/Modules/CheckFunctionExists.c
Linking C executable cmTryCompileExec1259318765
/usr/bin/cmake -E cmake_link_script CMakeFiles/cmTryCompileExec1259318765.dir/link.txt --verbose=1
/usr/bin/cc   -DCHECK_FUNCTION_EXISTS=pthread_create    CMakeFiles/cmTryCompileExec1259318765.dir/CheckFunctionExists.c.o  -o cmTryCompileExec1259318765 -rdynamic -lpthreads 
/usr/bin/ld: cannot find -lpthreads
collect2: error: ld returned 1 exit status
make[1]: *** [cmTryCompileExec1259318765] Error 1
make[1]: Leaving directory `/home/maiti/urdf_tutorial/build/CMakeFiles/CMakeTmp'
make: *** [cmTryCompileExec1259318765/fast] Error 2


